2026-03-12 00:41:33,563	[INFO]	(client.py:162)_bot_login	[botpy] 登录机器人账号中...
2026-03-12 00:41:33,862	[INFO]	(robot.py:65)update_access_token	[botpy] access_token expires_in 6037
2026-03-12 00:41:34,753	[INFO]	(client.py:181)_bot_init	[botpy] 程序启动...
2026-03-12 00:41:34,755	[INFO]	(connection.py:60)multi_run	[botpy] 最大并发连接数: 1, 启动会话数: 1
2026-03-12 00:41:34,755	[INFO]	(client.py:242)bot_connect	[botpy] 会话启动中...
2026-03-12 00:41:34,755	[INFO]	(gateway.py:115)ws_connect	[botpy] 启动中...
2026-03-12 00:41:34,893	[INFO]	(gateway.py:142)ws_identify	[botpy] 鉴权中...
2026-03-12 00:41:35,006	[INFO]	(gateway.py:85)on_message	[botpy] 机器人「机器人1903146872」启动成功！
2026-03-12 00:41:35,007	[INFO]	(gateway.py:223)_send_heart	[botpy] 心跳维持启动...
2026-03-12 00:43:37,271	[INFO]	(client.py:162)_bot_login	[botpy] 登录机器人账号中...
2026-03-12 00:43:37,617	[INFO]	(robot.py:65)update_access_token	[botpy] access_token expires_in 5913
2026-03-12 00:43:39,073	[INFO]	(client.py:181)_bot_init	[botpy] 程序启动...
2026-03-12 00:43:39,073	[INFO]	(connection.py:60)multi_run	[botpy] 最大并发连接数: 1, 启动会话数: 1
2026-03-12 00:43:39,073	[INFO]	(client.py:242)bot_connect	[botpy] 会话启动中...
2026-03-12 00:43:39,073	[INFO]	(gateway.py:115)ws_connect	[botpy] 启动中...
2026-03-12 00:43:39,214	[INFO]	(gateway.py:142)ws_identify	[botpy] 鉴权中...
2026-03-12 00:43:39,612	[INFO]	(gateway.py:85)on_message	[botpy] 机器人「机器人1903146872」启动成功！
2026-03-12 00:43:39,612	[INFO]	(gateway.py:223)_send_heart	[botpy] 心跳维持启动...
2026-03-12 00:52:34,838	[INFO]	(client.py:162)_bot_login	[botpy] 登录机器人账号中...
2026-03-12 00:52:35,112	[INFO]	(robot.py:65)update_access_token	[botpy] access_token expires_in 5376
2026-03-12 00:52:35,594	[INFO]	(client.py:181)_bot_init	[botpy] 程序启动...
2026-03-12 00:52:35,594	[INFO]	(connection.py:60)multi_run	[botpy] 最大并发连接数: 1, 启动会话数: 1
2026-03-12 00:52:35,595	[INFO]	(client.py:242)bot_connect	[botpy] 会话启动中...
2026-03-12 00:52:35,595	[INFO]	(gateway.py:115)ws_connect	[botpy] 启动中...
2026-03-12 00:52:35,734	[INFO]	(gateway.py:142)ws_identify	[botpy] 鉴权中...
2026-03-12 00:52:35,834	[INFO]	(gateway.py:85)on_message	[botpy] 机器人「机器人1903146872」启动成功！
2026-03-12 00:52:35,834	[INFO]	(gateway.py:223)_send_heart	[botpy] 心跳维持启动...
2026-03-12 00:53:52,657	[INFO]	(client.py:162)_bot_login	[botpy] 登录机器人账号中...
2026-03-12 00:53:53,044	[INFO]	(robot.py:65)update_access_token	[botpy] access_token expires_in 5298
2026-03-12 00:53:53,441	[INFO]	(client.py:181)_bot_init	[botpy] 程序启动...
2026-03-12 00:53:53,441	[INFO]	(connection.py:60)multi_run	[botpy] 最大并发连接数: 1, 启动会话数: 1
2026-03-12 00:53:53,442	[INFO]	(client.py:242)bot_connect	[botpy] 会话启动中...
2026-03-12 00:53:53,442	[INFO]	(gateway.py:115)ws_connect	[botpy] 启动中...
2026-03-12 00:53:53,564	[INFO]	(gateway.py:142)ws_identify	[botpy] 鉴权中...
2026-03-12 00:53:53,663	[INFO]	(gateway.py:85)on_message	[botpy] 机器人「机器人1903146872」启动成功！
2026-03-12 00:53:53,663	[INFO]	(gateway.py:223)_send_heart	[botpy] 心跳维持启动...
2026-03-12 00:55:41,313	[INFO]	(client.py:162)_bot_login	[botpy] 登录机器人账号中...
2026-03-12 00:55:41,618	[INFO]	(robot.py:65)update_access_token	[botpy] access_token expires_in 5189
2026-03-12 00:55:42,202	[INFO]	(client.py:181)_bot_init	[botpy] 程序启动...
2026-03-12 00:55:42,202	[INFO]	(connection.py:60)multi_run	[botpy] 最大并发连接数: 1, 启动会话数: 1
2026-03-12 00:55:42,203	[INFO]	(client.py:242)bot_connect	[botpy] 会话启动中...
2026-03-12 00:55:42,203	[INFO]	(gateway.py:115)ws_connect	[botpy] 启动中...
2026-03-12 00:55:42,345	[INFO]	(gateway.py:142)ws_identify	[botpy] 鉴权中...
2026-03-12 00:55:42,446	[INFO]	(gateway.py:85)on_message	[botpy] 机器人「机器人1903146872」启动成功！
2026-03-12 00:55:42,446	[INFO]	(gateway.py:223)_send_heart	[botpy] 心跳维持启动...
2026-03-12 00:58:28,105	[INFO]	(client.py:162)_bot_login	[botpy] 登录机器人账号中...
2026-03-12 00:58:28,374	[INFO]	(robot.py:65)update_access_token	[botpy] access_token expires_in 5023
2026-03-12 00:58:28,877	[INFO]	(client.py:181)_bot_init	[botpy] 程序启动...
2026-03-12 00:58:28,877	[INFO]	(connection.py:60)multi_run	[botpy] 最大并发连接数: 1, 启动会话数: 1
2026-03-12 00:58:28,877	[INFO]	(client.py:242)bot_connect	[botpy] 会话启动中...
2026-03-12 00:58:28,878	[INFO]	(gateway.py:115)ws_connect	[botpy] 启动中...
2026-03-12 00:58:29,080	[INFO]	(gateway.py:142)ws_identify	[botpy] 鉴权中...
2026-03-12 00:58:29,315	[INFO]	(gateway.py:85)on_message	[botpy] 机器人「机器人1903146872」启动成功！
2026-03-12 00:58:29,315	[INFO]	(gateway.py:223)_send_heart	[botpy] 心跳维持启动...
2026-03-12 00:59:07,442	[ERROR]	(http.py:76)_handle_response	[botpy] 接口请求异常，请求连接: https://api.sgroup.qq.com/v2/users/FE308DCD242AFB38E08A6878DCFBF8DB/messages, 错误代码: 500, 返回内容: {'message': 'invalid file_info', 'code': 304080, 'err_code': 304080, 'trace_id': '49fd54606f54d7f675d9090451fb541c'}, trace_id:49fd54606f54d7f675d9090451fb541c
2026-03-12 01:00:08,067	[INFO]	(gateway.py:56)on_closed	[botpy] 关闭, 返回码: 1006, 返回信息: None
2026-03-12 01:00:08,068	[INFO]	(gateway.py:134)ws_connect	[botpy] ws关闭, 停止接收消息!
2026-03-12 01:00:13,069	[INFO]	(connection.py:60)multi_run	[botpy] 最大并发连接数: 1, 启动会话数: 1
2026-03-12 01:00:13,070	[INFO]	(client.py:242)bot_connect	[botpy] 会话启动中...
2026-03-12 01:00:13,070	[INFO]	(gateway.py:115)ws_connect	[botpy] 启动中...
2026-03-12 01:00:13,535	[INFO]	(gateway.py:175)ws_resume	[botpy] 重连启动...
2026-03-12 01:00:14,989	[INFO]	(gateway.py:90)on_message	[botpy] 机器人重连成功! 
2026-03-12 01:00:14,989	[INFO]	(gateway.py:223)_send_heart	[botpy] 心跳维持启动...
2026-03-12 01:03:36,702	[INFO]	(client.py:162)_bot_login	[botpy] 登录机器人账号中...
2026-03-12 01:03:37,032	[INFO]	(robot.py:65)update_access_token	[botpy] access_token expires_in 4714
2026-03-12 01:03:37,443	[INFO]	(client.py:181)_bot_init	[botpy] 程序启动...
2026-03-12 01:03:37,443	[INFO]	(connection.py:60)multi_run	[botpy] 最大并发连接数: 1, 启动会话数: 1
2026-03-12 01:03:37,444	[INFO]	(client.py:242)bot_connect	[botpy] 会话启动中...
2026-03-12 01:03:37,444	[INFO]	(gateway.py:115)ws_connect	[botpy] 启动中...
2026-03-12 01:03:37,570	[INFO]	(gateway.py:142)ws_identify	[botpy] 鉴权中...
2026-03-12 01:03:37,674	[INFO]	(gateway.py:85)on_message	[botpy] 机器人「机器人1903146872」启动成功！
2026-03-12 01:03:37,674	[INFO]	(gateway.py:223)_send_heart	[botpy] 心跳维持启动...
2026-03-12 01:08:46,567	[INFO]	(client.py:162)_bot_login	[botpy] 登录机器人账号中...
2026-03-12 01:08:46,878	[INFO]	(robot.py:65)update_access_token	[botpy] access_token expires_in 4404
2026-03-12 01:08:47,360	[INFO]	(client.py:181)_bot_init	[botpy] 程序启动...
2026-03-12 01:08:47,360	[INFO]	(connection.py:60)multi_run	[botpy] 最大并发连接数: 1, 启动会话数: 1
2026-03-12 01:08:47,361	[INFO]	(client.py:242)bot_connect	[botpy] 会话启动中...
2026-03-12 01:08:47,361	[INFO]	(gateway.py:115)ws_connect	[botpy] 启动中...
2026-03-12 01:08:47,482	[INFO]	(gateway.py:142)ws_identify	[botpy] 鉴权中...
2026-03-12 01:08:47,584	[INFO]	(gateway.py:85)on_message	[botpy] 机器人「机器人1903146872」启动成功！
2026-03-12 01:08:47,584	[INFO]	(gateway.py:223)_send_heart	[botpy] 心跳维持启动...
2026-03-12 01:09:15,599	[ERROR]	(http.py:76)_handle_response	[botpy] 接口请求异常，请求连接: https://api.sgroup.qq.com/v2/users/FE308DCD242AFB38E08A6878DCFBF8DB/messages, 错误代码: 500, 返回内容: {'message': 'invalid file_info', 'code': 304080, 'err_code': 304080, 'trace_id': '5e460c37f13e91479747f1ac3cc59d41'}, trace_id:5e460c37f13e91479747f1ac3cc59d41
2026-03-12 01:10:06,444	[INFO]	(gateway.py:56)on_closed	[botpy] 关闭, 返回码: 1006, 返回信息: None
2026-03-12 01:10:06,446	[INFO]	(gateway.py:134)ws_connect	[botpy] ws关闭, 停止接收消息!
2026-03-12 01:10:11,449	[INFO]	(connection.py:60)multi_run	[botpy] 最大并发连接数: 1, 启动会话数: 1
2026-03-12 01:10:11,449	[INFO]	(client.py:242)bot_connect	[botpy] 会话启动中...
2026-03-12 01:10:11,449	[INFO]	(gateway.py:115)ws_connect	[botpy] 启动中...
2026-03-12 01:10:11,599	[INFO]	(gateway.py:175)ws_resume	[botpy] 重连启动...
2026-03-12 01:10:11,826	[INFO]	(gateway.py:90)on_message	[botpy] 机器人重连成功! 
2026-03-12 01:10:11,827	[INFO]	(gateway.py:223)_send_heart	[botpy] 心跳维持启动...
2026-03-12 01:13:27,648	[INFO]	(client.py:162)_bot_login	[botpy] 登录机器人账号中...
2026-03-12 01:13:27,976	[INFO]	(robot.py:65)update_access_token	[botpy] access_token expires_in 4123
2026-03-12 01:13:28,778	[INFO]	(client.py:181)_bot_init	[botpy] 程序启动...
2026-03-12 01:13:28,780	[INFO]	(connection.py:60)multi_run	[botpy] 最大并发连接数: 1, 启动会话数: 1
2026-03-12 01:13:28,780	[INFO]	(client.py:242)bot_connect	[botpy] 会话启动中...
2026-03-12 01:13:28,780	[INFO]	(gateway.py:115)ws_connect	[botpy] 启动中...
2026-03-12 01:13:28,905	[INFO]	(gateway.py:142)ws_identify	[botpy] 鉴权中...
2026-03-12 01:13:29,009	[INFO]	(gateway.py:85)on_message	[botpy] 机器人「机器人1903146872」启动成功！
2026-03-12 01:13:29,009	[INFO]	(gateway.py:223)_send_heart	[botpy] 心跳维持启动...
2026-03-12 01:14:47,334	[INFO]	(client.py:162)_bot_login	[botpy] 登录机器人账号中...
2026-03-12 01:14:47,655	[INFO]	(robot.py:65)update_access_token	[botpy] access_token expires_in 4043
2026-03-12 01:14:48,130	[INFO]	(client.py:181)_bot_init	[botpy] 程序启动...
2026-03-12 01:14:48,130	[INFO]	(connection.py:60)multi_run	[botpy] 最大并发连接数: 1, 启动会话数: 1
2026-03-12 01:14:48,131	[INFO]	(client.py:242)bot_connect	[botpy] 会话启动中...
2026-03-12 01:14:48,131	[INFO]	(gateway.py:115)ws_connect	[botpy] 启动中...
2026-03-12 01:14:48,272	[INFO]	(gateway.py:142)ws_identify	[botpy] 鉴权中...
2026-03-12 01:14:48,381	[INFO]	(gateway.py:85)on_message	[botpy] 机器人「机器人1903146872」启动成功！
2026-03-12 01:14:48,382	[INFO]	(gateway.py:223)_send_heart	[botpy] 心跳维持启动...
2026-03-12 01:15:55,069	[ERROR]	(http.py:76)_handle_response	[botpy] 接口请求异常，请求连接: https://api.sgroup.qq.com/v2/users/FE308DCD242AFB38E08A6878DCFBF8DB/messages, 错误代码: 500, 返回内容: {'message': 'invalid file_info', 'code': 304080, 'err_code': 304080, 'trace_id': '13bd230d826b513b552a2b675419948f'}, trace_id:13bd230d826b513b552a2b675419948f
2026-03-12 01:18:13,952	[INFO]	(client.py:162)_bot_login	[botpy] 登录机器人账号中...
2026-03-12 01:18:14,259	[INFO]	(robot.py:65)update_access_token	[botpy] access_token expires_in 3837
2026-03-12 01:18:14,728	[INFO]	(client.py:181)_bot_init	[botpy] 程序启动...
2026-03-12 01:18:14,728	[INFO]	(connection.py:60)multi_run	[botpy] 最大并发连接数: 1, 启动会话数: 1
2026-03-12 01:18:14,729	[INFO]	(client.py:242)bot_connect	[botpy] 会话启动中...
2026-03-12 01:18:14,729	[INFO]	(gateway.py:115)ws_connect	[botpy] 启动中...
2026-03-12 01:18:14,862	[INFO]	(gateway.py:142)ws_identify	[botpy] 鉴权中...
2026-03-12 01:18:14,945	[INFO]	(gateway.py:85)on_message	[botpy] 机器人「机器人1903146872」启动成功！
2026-03-12 01:18:14,945	[INFO]	(gateway.py:223)_send_heart	[botpy] 心跳维持启动...
2026-03-12 01:27:43,455	[INFO]	(client.py:162)_bot_login	[botpy] 登录机器人账号中...
2026-03-12 01:27:43,926	[INFO]	(robot.py:65)update_access_token	[botpy] access_token expires_in 3267
2026-03-12 01:27:44,462	[INFO]	(client.py:181)_bot_init	[botpy] 程序启动...
2026-03-12 01:27:44,468	[INFO]	(connection.py:60)multi_run	[botpy] 最大并发连接数: 1, 启动会话数: 1
2026-03-12 01:27:44,468	[INFO]	(client.py:242)bot_connect	[botpy] 会话启动中...
2026-03-12 01:27:44,468	[INFO]	(gateway.py:115)ws_connect	[botpy] 启动中...
2026-03-12 01:27:44,603	[INFO]	(gateway.py:142)ws_identify	[botpy] 鉴权中...
2026-03-12 01:27:44,725	[INFO]	(gateway.py:85)on_message	[botpy] 机器人「机器人1903146872」启动成功！
2026-03-12 01:27:44,726	[INFO]	(gateway.py:223)_send_heart	[botpy] 心跳维持启动...
2026-03-12 01:33:21,286	[INFO]	(client.py:162)_bot_login	[botpy] 登录机器人账号中...
2026-03-12 01:33:49,391	[INFO]	(client.py:162)_bot_login	[botpy] 登录机器人账号中...
2026-03-12 01:33:49,652	[INFO]	(robot.py:65)update_access_token	[botpy] access_token expires_in 2901
2026-03-12 01:33:50,538	[INFO]	(client.py:181)_bot_init	[botpy] 程序启动...
2026-03-12 01:33:50,538	[INFO]	(connection.py:60)multi_run	[botpy] 最大并发连接数: 1, 启动会话数: 1
2026-03-12 01:33:50,538	[INFO]	(client.py:242)bot_connect	[botpy] 会话启动中...
2026-03-12 01:33:50,539	[INFO]	(gateway.py:115)ws_connect	[botpy] 启动中...
2026-03-12 01:33:50,680	[INFO]	(gateway.py:142)ws_identify	[botpy] 鉴权中...
2026-03-12 01:33:50,808	[INFO]	(gateway.py:85)on_message	[botpy] 机器人「机器人1903146872」启动成功！
2026-03-12 01:33:50,809	[INFO]	(gateway.py:223)_send_heart	[botpy] 心跳维持启动...
2026-03-12 01:34:40,056	[INFO]	(gateway.py:56)on_closed	[botpy] 关闭, 返回码: 1006, 返回信息: None
2026-03-12 01:34:40,057	[INFO]	(gateway.py:134)ws_connect	[botpy] ws关闭, 停止接收消息!
2026-03-12 01:34:45,058	[INFO]	(connection.py:60)multi_run	[botpy] 最大并发连接数: 1, 启动会话数: 1
2026-03-12 01:34:45,059	[INFO]	(client.py:242)bot_connect	[botpy] 会话启动中...
2026-03-12 01:34:45,060	[INFO]	(gateway.py:115)ws_connect	[botpy] 启动中...
2026-03-12 01:34:45,875	[INFO]	(gateway.py:175)ws_resume	[botpy] 重连启动...
2026-03-12 01:34:53,494	[INFO]	(gateway.py:90)on_message	[botpy] 机器人重连成功! 
2026-03-12 01:34:53,495	[INFO]	(gateway.py:223)_send_heart	[botpy] 心跳维持启动...
2026-03-12 01:52:58,066	[INFO]	(client.py:162)_bot_login	[botpy] 登录机器人账号中...
2026-03-12 01:52:58,369	[INFO]	(robot.py:65)update_access_token	[botpy] access_token expires_in 1753
2026-03-12 01:52:58,827	[INFO]	(client.py:181)_bot_init	[botpy] 程序启动...
2026-03-12 01:52:58,828	[INFO]	(connection.py:60)multi_run	[botpy] 最大并发连接数: 1, 启动会话数: 1
2026-03-12 01:52:58,828	[INFO]	(client.py:242)bot_connect	[botpy] 会话启动中...
2026-03-12 01:52:58,828	[INFO]	(gateway.py:115)ws_connect	[botpy] 启动中...
2026-03-12 01:52:58,948	[INFO]	(gateway.py:142)ws_identify	[botpy] 鉴权中...
2026-03-12 01:52:59,310	[INFO]	(gateway.py:85)on_message	[botpy] 机器人「机器人1903146872」启动成功！
2026-03-12 01:52:59,310	[INFO]	(gateway.py:223)_send_heart	[botpy] 心跳维持启动...
2026-03-12 01:59:47,389	[INFO]	(client.py:162)_bot_login	[botpy] 登录机器人账号中...
2026-03-12 01:59:47,664	[INFO]	(robot.py:65)update_access_token	[botpy] access_token expires_in 1343
2026-03-12 01:59:48,104	[INFO]	(client.py:181)_bot_init	[botpy] 程序启动...
2026-03-12 01:59:48,105	[INFO]	(connection.py:60)multi_run	[botpy] 最大并发连接数: 1, 启动会话数: 1
2026-03-12 01:59:48,105	[INFO]	(client.py:242)bot_connect	[botpy] 会话启动中...
2026-03-12 01:59:48,105	[INFO]	(gateway.py:115)ws_connect	[botpy] 启动中...
2026-03-12 01:59:48,242	[INFO]	(gateway.py:142)ws_identify	[botpy] 鉴权中...
2026-03-12 01:59:48,364	[INFO]	(gateway.py:85)on_message	[botpy] 机器人「机器人1903146872」启动成功！
2026-03-12 01:59:48,364	[INFO]	(gateway.py:223)_send_heart	[botpy] 心跳维持启动...
2026-03-12 02:01:38,944	[INFO]	(client.py:162)_bot_login	[botpy] 登录机器人账号中...
2026-03-12 02:01:39,199	[INFO]	(robot.py:65)update_access_token	[botpy] access_token expires_in 1232
2026-03-12 02:01:39,642	[INFO]	(client.py:181)_bot_init	[botpy] 程序启动...
2026-03-12 02:01:39,642	[INFO]	(connection.py:60)multi_run	[botpy] 最大并发连接数: 1, 启动会话数: 1
2026-03-12 02:01:39,642	[INFO]	(client.py:242)bot_connect	[botpy] 会话启动中...
2026-03-12 02:01:39,642	[INFO]	(gateway.py:115)ws_connect	[botpy] 启动中...
2026-03-12 02:01:39,769	[INFO]	(gateway.py:142)ws_identify	[botpy] 鉴权中...
2026-03-12 02:01:39,869	[INFO]	(gateway.py:85)on_message	[botpy] 机器人「机器人1903146872」启动成功！
2026-03-12 02:01:39,869	[INFO]	(gateway.py:223)_send_heart	[botpy] 心跳维持启动...
2026-03-12 02:03:52,431	[INFO]	(client.py:162)_bot_login	[botpy] 登录机器人账号中...
2026-03-12 02:03:52,681	[INFO]	(robot.py:65)update_access_token	[botpy] access_token expires_in 1098
2026-03-12 02:03:53,086	[INFO]	(client.py:181)_bot_init	[botpy] 程序启动...
2026-03-12 02:03:53,086	[INFO]	(connection.py:60)multi_run	[botpy] 最大并发连接数: 1, 启动会话数: 1
2026-03-12 02:03:53,087	[INFO]	(client.py:242)bot_connect	[botpy] 会话启动中...
2026-03-12 02:03:53,087	[INFO]	(gateway.py:115)ws_connect	[botpy] 启动中...
2026-03-12 02:03:53,223	[INFO]	(gateway.py:142)ws_identify	[botpy] 鉴权中...
2026-03-12 02:03:53,337	[INFO]	(gateway.py:85)on_message	[botpy] 机器人「机器人1903146872」启动成功！
2026-03-12 02:03:53,337	[INFO]	(gateway.py:223)_send_heart	[botpy] 心跳维持启动...
2026-03-12 02:06:09,154	[INFO]	(client.py:162)_bot_login	[botpy] 登录机器人账号中...
2026-03-12 02:06:09,467	[INFO]	(robot.py:65)update_access_token	[botpy] access_token expires_in 961
2026-03-12 02:06:09,945	[INFO]	(client.py:181)_bot_init	[botpy] 程序启动...
2026-03-12 02:06:09,945	[INFO]	(connection.py:60)multi_run	[botpy] 最大并发连接数: 1, 启动会话数: 1
2026-03-12 02:06:09,946	[INFO]	(client.py:242)bot_connect	[botpy] 会话启动中...
2026-03-12 02:06:09,946	[INFO]	(gateway.py:115)ws_connect	[botpy] 启动中...
2026-03-12 02:06:11,040	[INFO]	(gateway.py:142)ws_identify	[botpy] 鉴权中...
2026-03-12 02:07:11,916	[INFO]	(client.py:162)_bot_login	[botpy] 登录机器人账号中...
2026-03-12 02:07:12,241	[INFO]	(robot.py:65)update_access_token	[botpy] access_token expires_in 899
2026-03-12 02:07:13,402	[INFO]	(client.py:181)_bot_init	[botpy] 程序启动...
2026-03-12 02:07:13,403	[INFO]	(connection.py:60)multi_run	[botpy] 最大并发连接数: 1, 启动会话数: 1
2026-03-12 02:07:13,403	[INFO]	(client.py:242)bot_connect	[botpy] 会话启动中...
2026-03-12 02:07:13,403	[INFO]	(gateway.py:115)ws_connect	[botpy] 启动中...
2026-03-12 02:07:13,526	[INFO]	(gateway.py:142)ws_identify	[botpy] 鉴权中...
2026-03-12 02:07:13,612	[INFO]	(gateway.py:85)on_message	[botpy] 机器人「机器人1903146872」启动成功！
2026-03-12 02:07:13,613	[INFO]	(gateway.py:223)_send_heart	[botpy] 心跳维持启动...
2026-03-12 15:00:45,682	[INFO]	(client.py:162)_bot_login	[botpy] 登录机器人账号中...
2026-03-12 15:00:46,077	[INFO]	(robot.py:65)update_access_token	[botpy] access_token expires_in 6321
2026-03-12 15:00:46,642	[INFO]	(client.py:181)_bot_init	[botpy] 程序启动...
2026-03-12 15:00:46,642	[INFO]	(connection.py:60)multi_run	[botpy] 最大并发连接数: 1, 启动会话数: 1
2026-03-12 15:00:46,643	[INFO]	(client.py:242)bot_connect	[botpy] 会话启动中...
2026-03-12 15:00:46,643	[INFO]	(gateway.py:115)ws_connect	[botpy] 启动中...
2026-03-12 15:00:46,791	[INFO]	(gateway.py:142)ws_identify	[botpy] 鉴权中...
2026-03-12 15:00:46,905	[INFO]	(gateway.py:85)on_message	[botpy] 机器人「机器人1903146872」启动成功！
2026-03-12 15:00:46,907	[INFO]	(gateway.py:223)_send_heart	[botpy] 心跳维持启动...
2026-03-12 15:02:35,428	[INFO]	(client.py:162)_bot_login	[botpy] 登录机器人账号中...
2026-03-12 15:02:35,692	[INFO]	(robot.py:65)update_access_token	[botpy] access_token expires_in 6211
2026-03-12 15:02:36,141	[INFO]	(client.py:181)_bot_init	[botpy] 程序启动...
2026-03-12 15:02:36,142	[INFO]	(connection.py:60)multi_run	[botpy] 最大并发连接数: 1, 启动会话数: 1
2026-03-12 15:02:36,142	[INFO]	(client.py:242)bot_connect	[botpy] 会话启动中...
2026-03-12 15:02:36,142	[INFO]	(gateway.py:115)ws_connect	[botpy] 启动中...
2026-03-12 15:02:36,276	[INFO]	(gateway.py:142)ws_identify	[botpy] 鉴权中...
2026-03-12 15:02:36,378	[INFO]	(gateway.py:85)on_message	[botpy] 机器人「机器人1903146872」启动成功！
2026-03-12 15:02:36,378	[INFO]	(gateway.py:223)_send_heart	[botpy] 心跳维持启动...
2026-03-12 15:14:56,687	[INFO]	(client.py:162)_bot_login	[botpy] 登录机器人账号中...
2026-03-12 15:14:57,009	[INFO]	(robot.py:65)update_access_token	[botpy] access_token expires_in 5470
2026-03-12 15:14:57,481	[INFO]	(client.py:181)_bot_init	[botpy] 程序启动...
2026-03-12 15:14:57,481	[INFO]	(connection.py:60)multi_run	[botpy] 最大并发连接数: 1, 启动会话数: 1
2026-03-12 15:14:57,481	[INFO]	(client.py:242)bot_connect	[botpy] 会话启动中...
2026-03-12 15:14:57,481	[INFO]	(gateway.py:115)ws_connect	[botpy] 启动中...
2026-03-12 15:14:57,616	[INFO]	(gateway.py:142)ws_identify	[botpy] 鉴权中...
2026-03-12 15:14:57,706	[INFO]	(gateway.py:85)on_message	[botpy] 机器人「机器人1903146872」启动成功！
2026-03-12 15:14:57,706	[INFO]	(gateway.py:223)_send_heart	[botpy] 心跳维持启动...
2026-03-12 15:32:16,684	[INFO]	(client.py:162)_bot_login	[botpy] 登录机器人账号中...
2026-03-12 15:32:16,989	[INFO]	(robot.py:65)update_access_token	[botpy] access_token expires_in 4429
2026-03-12 15:32:17,417	[INFO]	(client.py:181)_bot_init	[botpy] 程序启动...
2026-03-12 15:32:17,417	[INFO]	(connection.py:60)multi_run	[botpy] 最大并发连接数: 1, 启动会话数: 1
2026-03-12 15:32:17,418	[INFO]	(client.py:242)bot_connect	[botpy] 会话启动中...
2026-03-12 15:32:17,418	[INFO]	(gateway.py:115)ws_connect	[botpy] 启动中...
2026-03-12 15:32:17,549	[INFO]	(gateway.py:142)ws_identify	[botpy] 鉴权中...
2026-03-12 15:32:17,674	[INFO]	(gateway.py:85)on_message	[botpy] 机器人「机器人1903146872」启动成功！
2026-03-12 15:32:17,674	[INFO]	(gateway.py:223)_send_heart	[botpy] 心跳维持启动...
2026-03-12 15:42:34,093	[INFO]	(client.py:162)_bot_login	[botpy] 登录机器人账号中...
2026-03-12 15:42:34,377	[INFO]	(robot.py:65)update_access_token	[botpy] access_token expires_in 3812
2026-03-12 15:42:35,262	[INFO]	(client.py:181)_bot_init	[botpy] 程序启动...
2026-03-12 15:42:35,262	[INFO]	(connection.py:60)multi_run	[botpy] 最大并发连接数: 1, 启动会话数: 1
2026-03-12 15:42:35,263	[INFO]	(client.py:242)bot_connect	[botpy] 会话启动中...
2026-03-12 15:42:35,263	[INFO]	(gateway.py:115)ws_connect	[botpy] 启动中...
2026-03-12 15:42:35,418	[INFO]	(gateway.py:142)ws_identify	[botpy] 鉴权中...
2026-03-12 15:42:35,668	[INFO]	(gateway.py:85)on_message	[botpy] 机器人「机器人1903146872」启动成功！
2026-03-12 15:42:35,669	[INFO]	(gateway.py:223)_send_heart	[botpy] 心跳维持启动...
2026-03-12 16:02:30,631	[INFO]	(client.py:162)_bot_login	[botpy] 登录机器人账号中...
2026-03-12 16:02:31,537	[INFO]	(robot.py:65)update_access_token	[botpy] access_token expires_in 2615
2026-03-12 16:02:32,583	[INFO]	(client.py:181)_bot_init	[botpy] 程序启动...
2026-03-12 16:02:32,584	[INFO]	(connection.py:60)multi_run	[botpy] 最大并发连接数: 1, 启动会话数: 1
2026-03-12 16:02:32,585	[INFO]	(client.py:242)bot_connect	[botpy] 会话启动中...
2026-03-12 16:02:32,588	[INFO]	(gateway.py:115)ws_connect	[botpy] 启动中...
2026-03-12 16:02:32,802	[INFO]	(gateway.py:142)ws_identify	[botpy] 鉴权中...
2026-03-12 16:02:32,942	[INFO]	(gateway.py:85)on_message	[botpy] 机器人「机器人1903146872」启动成功！
2026-03-12 16:02:32,942	[INFO]	(gateway.py:223)_send_heart	[botpy] 心跳维持启动...
2026-03-12 16:41:13,035	[INFO]	(gateway.py:56)on_closed	[botpy] 关闭, 返回码: 1006, 返回信息: None
2026-03-12 16:41:13,040	[INFO]	(gateway.py:134)ws_connect	[botpy] ws关闭, 停止接收消息!
2026-03-12 16:41:18,045	[INFO]	(connection.py:60)multi_run	[botpy] 最大并发连接数: 1, 启动会话数: 1
2026-03-12 16:41:18,045	[INFO]	(client.py:242)bot_connect	[botpy] 会话启动中...
2026-03-12 16:41:18,045	[INFO]	(gateway.py:115)ws_connect	[botpy] 启动中...
2026-03-12 16:41:18,221	[INFO]	(gateway.py:175)ws_resume	[botpy] 重连启动...
2026-03-12 16:41:18,334	[INFO]	(gateway.py:90)on_message	[botpy] 机器人重连成功! 
2026-03-12 16:41:18,334	[INFO]	(gateway.py:223)_send_heart	[botpy] 心跳维持启动...
2026-03-12 17:00:57,141	[INFO]	(gateway.py:56)on_closed	[botpy] 关闭, 返回码: 1006, 返回信息: None
2026-03-12 17:00:57,142	[INFO]	(gateway.py:134)ws_connect	[botpy] ws关闭, 停止接收消息!
2026-03-12 17:00:58,205	[INFO]	(connection.py:60)multi_run	[botpy] 最大并发连接数: 1, 启动会话数: 1
2026-03-12 17:00:58,205	[INFO]	(client.py:242)bot_connect	[botpy] 会话启动中...
2026-03-12 17:00:58,205	[INFO]	(gateway.py:115)ws_connect	[botpy] 启动中...
2026-03-12 17:00:58,376	[INFO]	(gateway.py:175)ws_resume	[botpy] 重连启动...
2026-03-12 17:00:58,564	[INFO]	(robot.py:65)update_access_token	[botpy] access_token expires_in 7200
2026-03-12 17:00:58,678	[INFO]	(gateway.py:90)on_message	[botpy] 机器人重连成功! 
2026-03-12 17:00:58,679	[INFO]	(gateway.py:223)_send_heart	[botpy] 心跳维持启动...
2026-03-12 17:11:45,192	[INFO]	(gateway.py:56)on_closed	[botpy] 关闭, 返回码: 1006, 返回信息: None
2026-03-12 17:11:45,192	[INFO]	(gateway.py:134)ws_connect	[botpy] ws关闭, 停止接收消息!
2026-03-12 17:21:06,565	[INFO]	(connection.py:60)multi_run	[botpy] 最大并发连接数: 1, 启动会话数: 1
2026-03-12 17:21:06,565	[INFO]	(client.py:242)bot_connect	[botpy] 会话启动中...
2026-03-12 17:21:06,565	[INFO]	(gateway.py:115)ws_connect	[botpy] 启动中...
2026-03-12 17:21:06,727	[INFO]	(gateway.py:175)ws_resume	[botpy] 重连启动...
2026-03-12 17:21:06,816	[INFO]	(gateway.py:90)on_message	[botpy] 机器人重连成功! 
2026-03-12 17:21:06,817	[INFO]	(gateway.py:223)_send_heart	[botpy] 心跳维持启动...
2026-03-12 17:32:02,588	[INFO]	(gateway.py:56)on_closed	[botpy] 关闭, 返回码: 1006, 返回信息: None
2026-03-12 17:32:02,588	[INFO]	(gateway.py:134)ws_connect	[botpy] ws关闭, 停止接收消息!
2026-03-12 17:41:24,174	[INFO]	(connection.py:60)multi_run	[botpy] 最大并发连接数: 1, 启动会话数: 1
2026-03-12 17:41:24,174	[INFO]	(client.py:242)bot_connect	[botpy] 会话启动中...
2026-03-12 17:41:24,174	[INFO]	(gateway.py:115)ws_connect	[botpy] 启动中...
2026-03-12 17:41:24,315	[INFO]	(gateway.py:175)ws_resume	[botpy] 重连启动...
2026-03-12 17:41:24,391	[INFO]	(gateway.py:90)on_message	[botpy] 机器人重连成功! 
2026-03-12 17:41:24,391	[INFO]	(gateway.py:223)_send_heart	[botpy] 心跳维持启动...
2026-03-12 18:03:45,697	[INFO]	(gateway.py:56)on_closed	[botpy] 关闭, 返回码: 1006, 返回信息: None
2026-03-12 18:03:45,740	[INFO]	(gateway.py:134)ws_connect	[botpy] ws关闭, 停止接收消息!
2026-03-12 18:03:47,153	[INFO]	(connection.py:60)multi_run	[botpy] 最大并发连接数: 1, 启动会话数: 1
2026-03-12 18:03:47,158	[INFO]	(client.py:242)bot_connect	[botpy] 会话启动中...
2026-03-12 18:03:47,159	[INFO]	(gateway.py:115)ws_connect	[botpy] 启动中...
2026-03-12 18:03:47,505	[INFO]	(gateway.py:175)ws_resume	[botpy] 重连启动...
2026-03-12 18:03:47,604	[INFO]	(gateway.py:90)on_message	[botpy] 机器人重连成功! 
2026-03-12 18:03:47,610	[INFO]	(gateway.py:223)_send_heart	[botpy] 心跳维持启动...
2026-03-12 18:23:54,729	[INFO]	(gateway.py:56)on_closed	[botpy] 关闭, 返回码: 1006, 返回信息: None
2026-03-12 18:23:54,730	[INFO]	(gateway.py:134)ws_connect	[botpy] ws关闭, 停止接收消息!
2026-03-12 18:23:59,731	[INFO]	(connection.py:60)multi_run	[botpy] 最大并发连接数: 1, 启动会话数: 1
2026-03-12 18:23:59,731	[INFO]	(client.py:242)bot_connect	[botpy] 会话启动中...
2026-03-12 18:23:59,732	[INFO]	(gateway.py:115)ws_connect	[botpy] 启动中...
2026-03-12 18:23:59,889	[INFO]	(gateway.py:175)ws_resume	[botpy] 重连启动...
2026-03-12 18:23:59,998	[INFO]	(gateway.py:90)on_message	[botpy] 机器人重连成功! 
2026-03-12 18:23:59,999	[INFO]	(gateway.py:223)_send_heart	[botpy] 心跳维持启动...
2026-03-12 18:34:41,070	[INFO]	(gateway.py:56)on_closed	[botpy] 关闭, 返回码: 1006, 返回信息: None
2026-03-12 18:34:41,071	[INFO]	(gateway.py:134)ws_connect	[botpy] ws关闭, 停止接收消息!
2026-03-12 18:44:02,327	[INFO]	(connection.py:60)multi_run	[botpy] 最大并发连接数: 1, 启动会话数: 1
2026-03-12 18:44:02,327	[INFO]	(client.py:242)bot_connect	[botpy] 会话启动中...
2026-03-12 18:44:02,328	[INFO]	(gateway.py:115)ws_connect	[botpy] 启动中...
2026-03-12 18:44:02,479	[INFO]	(gateway.py:175)ws_resume	[botpy] 重连启动...
2026-03-12 18:44:02,552	[INFO]	(gateway.py:90)on_message	[botpy] 机器人重连成功! 
2026-03-12 18:44:02,553	[INFO]	(gateway.py:223)_send_heart	[botpy] 心跳维持启动...
2026-03-12 18:54:51,162	[INFO]	(gateway.py:56)on_closed	[botpy] 关闭, 返回码: 1006, 返回信息: None
2026-03-12 18:54:51,163	[INFO]	(gateway.py:134)ws_connect	[botpy] ws关闭, 停止接收消息!
2026-03-12 18:54:56,165	[INFO]	(connection.py:60)multi_run	[botpy] 最大并发连接数: 1, 启动会话数: 1
2026-03-12 18:54:56,165	[INFO]	(client.py:242)bot_connect	[botpy] 会话启动中...
2026-03-12 18:54:56,165	[INFO]	(gateway.py:115)ws_connect	[botpy] 启动中...
2026-03-12 18:54:56,323	[INFO]	(gateway.py:175)ws_resume	[botpy] 重连启动...
2026-03-12 18:54:56,397	[INFO]	(gateway.py:90)on_message	[botpy] 机器人重连成功! 
2026-03-12 18:54:56,397	[INFO]	(gateway.py:223)_send_heart	[botpy] 心跳维持启动...
2026-03-12 19:10:08,204	[INFO]	(gateway.py:56)on_closed	[botpy] 关闭, 返回码: 1006, 返回信息: None
2026-03-12 19:10:08,205	[INFO]	(gateway.py:134)ws_connect	[botpy] ws关闭, 停止接收消息!
2026-03-12 19:10:13,206	[INFO]	(connection.py:60)multi_run	[botpy] 最大并发连接数: 1, 启动会话数: 1
2026-03-12 19:10:13,206	[INFO]	(client.py:242)bot_connect	[botpy] 会话启动中...
2026-03-12 19:10:13,207	[INFO]	(gateway.py:115)ws_connect	[botpy] 启动中...
2026-03-12 19:10:13,390	[INFO]	(gateway.py:175)ws_resume	[botpy] 重连启动...
2026-03-12 19:10:13,693	[INFO]	(robot.py:65)update_access_token	[botpy] access_token expires_in 7200
2026-03-12 19:10:13,797	[INFO]	(gateway.py:90)on_message	[botpy] 机器人重连成功! 
2026-03-12 19:10:13,798	[INFO]	(gateway.py:223)_send_heart	[botpy] 心跳维持启动...
2026-03-12 19:21:01,123	[INFO]	(gateway.py:56)on_closed	[botpy] 关闭, 返回码: 1006, 返回信息: None
2026-03-12 19:21:01,125	[INFO]	(gateway.py:134)ws_connect	[botpy] ws关闭, 停止接收消息!
2026-03-12 19:30:22,295	[INFO]	(connection.py:60)multi_run	[botpy] 最大并发连接数: 1, 启动会话数: 1
2026-03-12 19:30:22,296	[INFO]	(client.py:242)bot_connect	[botpy] 会话启动中...
2026-03-12 19:30:22,296	[INFO]	(gateway.py:115)ws_connect	[botpy] 启动中...
2026-03-12 19:30:23,458	[INFO]	(gateway.py:175)ws_resume	[botpy] 重连启动...
2026-03-12 19:30:23,535	[INFO]	(gateway.py:90)on_message	[botpy] 机器人重连成功! 
2026-03-12 19:30:23,536	[INFO]	(gateway.py:223)_send_heart	[botpy] 心跳维持启动...
2026-03-12 19:41:08,930	[INFO]	(gateway.py:56)on_closed	[botpy] 关闭, 返回码: 1006, 返回信息: None
2026-03-12 19:41:08,930	[INFO]	(gateway.py:134)ws_connect	[botpy] ws关闭, 停止接收消息!
2026-03-12 19:41:13,932	[INFO]	(connection.py:60)multi_run	[botpy] 最大并发连接数: 1, 启动会话数: 1
2026-03-12 19:41:13,933	[INFO]	(client.py:242)bot_connect	[botpy] 会话启动中...
2026-03-12 19:41:13,933	[INFO]	(gateway.py:115)ws_connect	[botpy] 启动中...
2026-03-12 19:41:14,073	[INFO]	(gateway.py:175)ws_resume	[botpy] 重连启动...
2026-03-12 19:41:14,156	[INFO]	(gateway.py:90)on_message	[botpy] 机器人重连成功! 
2026-03-12 19:41:14,157	[INFO]	(gateway.py:223)_send_heart	[botpy] 心跳维持启动...
2026-03-12 20:00:50,416	[INFO]	(gateway.py:56)on_closed	[botpy] 关闭, 返回码: 1006, 返回信息: None
2026-03-12 20:00:50,418	[INFO]	(gateway.py:134)ws_connect	[botpy] ws关闭, 停止接收消息!
2026-03-12 20:00:55,406	[INFO]	(connection.py:60)multi_run	[botpy] 最大并发连接数: 1, 启动会话数: 1
2026-03-12 20:00:55,407	[INFO]	(client.py:242)bot_connect	[botpy] 会话启动中...
2026-03-12 20:00:55,407	[INFO]	(gateway.py:115)ws_connect	[botpy] 启动中...
2026-03-12 20:00:55,573	[INFO]	(gateway.py:175)ws_resume	[botpy] 重连启动...
2026-03-12 20:00:55,656	[INFO]	(gateway.py:90)on_message	[botpy] 机器人重连成功! 
2026-03-12 20:00:55,657	[INFO]	(gateway.py:223)_send_heart	[botpy] 心跳维持启动...
2026-03-12 20:11:39,868	[INFO]	(gateway.py:56)on_closed	[botpy] 关闭, 返回码: 1006, 返回信息: None
2026-03-12 20:11:39,870	[INFO]	(gateway.py:134)ws_connect	[botpy] ws关闭, 停止接收消息!
2026-03-12 20:21:02,027	[INFO]	(connection.py:60)multi_run	[botpy] 最大并发连接数: 1, 启动会话数: 1
2026-03-12 20:21:02,030	[INFO]	(client.py:242)bot_connect	[botpy] 会话启动中...
2026-03-12 20:21:02,031	[INFO]	(gateway.py:115)ws_connect	[botpy] 启动中...
2026-03-12 20:21:03,208	[INFO]	(gateway.py:175)ws_resume	[botpy] 重连启动...
2026-03-12 20:21:03,315	[INFO]	(gateway.py:90)on_message	[botpy] 机器人重连成功! 
2026-03-12 20:21:03,316	[INFO]	(gateway.py:223)_send_heart	[botpy] 心跳维持启动...
2026-03-12 20:31:50,792	[INFO]	(gateway.py:56)on_closed	[botpy] 关闭, 返回码: 1006, 返回信息: None
2026-03-12 20:31:50,794	[INFO]	(gateway.py:134)ws_connect	[botpy] ws关闭, 停止接收消息!
2026-03-12 20:31:55,796	[INFO]	(connection.py:60)multi_run	[botpy] 最大并发连接数: 1, 启动会话数: 1
2026-03-12 20:31:55,796	[INFO]	(client.py:242)bot_connect	[botpy] 会话启动中...
2026-03-12 20:31:55,796	[INFO]	(gateway.py:115)ws_connect	[botpy] 启动中...
2026-03-12 20:31:55,951	[INFO]	(gateway.py:175)ws_resume	[botpy] 重连启动...
2026-03-12 20:31:56,020	[INFO]	(gateway.py:90)on_message	[botpy] 机器人重连成功! 
2026-03-12 20:31:56,021	[INFO]	(gateway.py:223)_send_heart	[botpy] 心跳维持启动...
2026-03-12 20:51:32,234	[INFO]	(gateway.py:56)on_closed	[botpy] 关闭, 返回码: 1006, 返回信息: None
2026-03-12 20:51:32,234	[INFO]	(gateway.py:134)ws_connect	[botpy] ws关闭, 停止接收消息!
2026-03-12 20:51:37,235	[INFO]	(connection.py:60)multi_run	[botpy] 最大并发连接数: 1, 启动会话数: 1
2026-03-12 20:51:37,236	[INFO]	(client.py:242)bot_connect	[botpy] 会话启动中...
2026-03-12 20:51:37,236	[INFO]	(gateway.py:115)ws_connect	[botpy] 启动中...
2026-03-12 20:51:37,384	[INFO]	(gateway.py:175)ws_resume	[botpy] 重连启动...
2026-03-12 20:51:37,506	[INFO]	(gateway.py:90)on_message	[botpy] 机器人重连成功! 
2026-03-12 20:51:37,506	[INFO]	(gateway.py:223)_send_heart	[botpy] 心跳维持启动...
2026-03-12 21:02:20,687	[INFO]	(gateway.py:56)on_closed	[botpy] 关闭, 返回码: 1006, 返回信息: None
2026-03-12 21:02:20,689	[INFO]	(gateway.py:134)ws_connect	[botpy] ws关闭, 停止接收消息!
2026-03-12 21:11:42,033	[INFO]	(connection.py:60)multi_run	[botpy] 最大并发连接数: 1, 启动会话数: 1
2026-03-12 21:11:42,035	[INFO]	(client.py:242)bot_connect	[botpy] 会话启动中...
2026-03-12 21:11:42,035	[INFO]	(gateway.py:115)ws_connect	[botpy] 启动中...
2026-03-12 21:11:43,414	[INFO]	(gateway.py:175)ws_resume	[botpy] 重连启动...
2026-03-12 21:11:44,300	[INFO]	(robot.py:65)update_access_token	[botpy] access_token expires_in 7200
2026-03-12 21:11:44,373	[INFO]	(gateway.py:90)on_message	[botpy] 机器人重连成功! 
2026-03-12 21:11:44,374	[INFO]	(gateway.py:223)_send_heart	[botpy] 心跳维持启动...
2026-03-12 21:22:34,720	[INFO]	(gateway.py:56)on_closed	[botpy] 关闭, 返回码: 1006, 返回信息: None
2026-03-12 21:22:34,722	[INFO]	(gateway.py:134)ws_connect	[botpy] ws关闭, 停止接收消息!
2026-03-12 21:22:39,724	[INFO]	(connection.py:60)multi_run	[botpy] 最大并发连接数: 1, 启动会话数: 1
2026-03-12 21:22:39,725	[INFO]	(client.py:242)bot_connect	[botpy] 会话启动中...
2026-03-12 21:22:39,725	[INFO]	(gateway.py:115)ws_connect	[botpy] 启动中...
2026-03-12 21:22:39,892	[INFO]	(gateway.py:175)ws_resume	[botpy] 重连启动...
2026-03-12 21:22:39,969	[INFO]	(gateway.py:90)on_message	[botpy] 机器人重连成功! 
2026-03-12 21:22:39,969	[INFO]	(gateway.py:223)_send_heart	[botpy] 心跳维持启动...
2026-03-12 21:32:43,013	[INFO]	(gateway.py:56)on_closed	[botpy] 关闭, 返回码: 1006, 返回信息: None
2026-03-12 21:32:43,018	[INFO]	(gateway.py:134)ws_connect	[botpy] ws关闭, 停止接收消息!
2026-03-12 21:32:48,021	[INFO]	(connection.py:60)multi_run	[botpy] 最大并发连接数: 1, 启动会话数: 1
2026-03-12 21:32:48,022	[INFO]	(client.py:242)bot_connect	[botpy] 会话启动中...
2026-03-12 21:32:48,022	[INFO]	(gateway.py:115)ws_connect	[botpy] 启动中...
2026-03-12 21:32:48,209	[INFO]	(gateway.py:175)ws_resume	[botpy] 重连启动...
2026-03-12 21:32:48,284	[INFO]	(gateway.py:90)on_message	[botpy] 机器人重连成功! 
2026-03-12 21:32:48,286	[INFO]	(gateway.py:223)_send_heart	[botpy] 心跳维持启动...
2026-03-12 22:13:14,920	[INFO]	(client.py:162)_bot_login	[botpy] 登录机器人账号中...
2026-03-12 22:13:15,310	[INFO]	(robot.py:65)update_access_token	[botpy] access_token expires_in 3507
2026-03-12 22:13:16,248	[INFO]	(client.py:181)_bot_init	[botpy] 程序启动...
2026-03-12 22:13:16,249	[INFO]	(connection.py:60)multi_run	[botpy] 最大并发连接数: 1, 启动会话数: 1
2026-03-12 22:13:16,249	[INFO]	(client.py:242)bot_connect	[botpy] 会话启动中...
2026-03-12 22:13:16,249	[INFO]	(gateway.py:115)ws_connect	[botpy] 启动中...
2026-03-12 22:13:16,679	[INFO]	(gateway.py:142)ws_identify	[botpy] 鉴权中...
2026-03-12 22:13:16,791	[INFO]	(gateway.py:85)on_message	[botpy] 机器人「机器人1903146872」启动成功！
2026-03-12 22:13:16,792	[INFO]	(gateway.py:223)_send_heart	[botpy] 心跳维持启动...
2026-03-12 22:17:48,542	[INFO]	(client.py:162)_bot_login	[botpy] 登录机器人账号中...
2026-03-12 22:17:48,880	[INFO]	(robot.py:65)update_access_token	[botpy] access_token expires_in 3234
2026-03-12 22:17:49,280	[INFO]	(client.py:181)_bot_init	[botpy] 程序启动...
2026-03-12 22:17:49,280	[INFO]	(connection.py:60)multi_run	[botpy] 最大并发连接数: 1, 启动会话数: 1
2026-03-12 22:17:49,280	[INFO]	(client.py:242)bot_connect	[botpy] 会话启动中...
2026-03-12 22:17:49,280	[INFO]	(gateway.py:115)ws_connect	[botpy] 启动中...
2026-03-12 22:17:49,437	[INFO]	(gateway.py:142)ws_identify	[botpy] 鉴权中...
2026-03-12 22:17:49,599	[INFO]	(gateway.py:85)on_message	[botpy] 机器人「机器人1903146872」启动成功！
2026-03-12 22:17:49,599	[INFO]	(gateway.py:223)_send_heart	[botpy] 心跳维持启动...
